{"/Users/v.kondolovskyi/event-tickets/client/src/features/tickets/components/TicketList/useTicketList.ts": {"path":"/Users/v.kondolovskyi/event-tickets/client/src/features/tickets/components/TicketList/useTicketList.ts","statementMap":{"0":{"start":{"line":1,"column":0},"end":{"line":1,"column":44}},"1":{"start":{"line":3,"column":29},"end":{"line":40,"column":1}},"2":{"start":{"line":4,"column":34},"end":{"line":4,"column":46}},"3":{"start":{"line":5,"column":28},"end":{"line":5,"column":39}},"4":{"start":{"line":6,"column":40},"end":{"line":6,"column":51}},"5":{"start":{"line":7,"column":38},"end":{"line":7,"column":52}},"6":{"start":{"line":8,"column":30},"end":{"line":8,"column":42}},"7":{"start":{"line":10,"column":4},"end":{"line":12,"column":27}},"8":{"start":{"line":11,"column":8},"end":{"line":11,"column":24}},"9":{"start":{"line":14,"column":25},"end":{"line":30,"column":5}},"10":{"start":{"line":15,"column":8},"end":{"line":15,"column":27}},"11":{"start":{"line":16,"column":8},"end":{"line":16,"column":21}},"12":{"start":{"line":17,"column":8},"end":{"line":29,"column":9}},"13":{"start":{"line":18,"column":24},"end":{"line":18,"column":105}},"14":{"start":{"line":19,"column":25},"end":{"line":19,"column":41}},"15":{"start":{"line":20,"column":12},"end":{"line":20,"column":29}},"16":{"start":{"line":21,"column":12},"end":{"line":21,"column":37}},"17":{"start":{"line":22,"column":12},"end":{"line":22,"column":43}},"18":{"start":{"line":23,"column":12},"end":{"line":23,"column":32}},"19":{"start":{"line":25,"column":12},"end":{"line":25,"column":60}},"20":{"start":{"line":26,"column":12},"end":{"line":26,"column":47}},"21":{"start":{"line":28,"column":12},"end":{"line":28,"column":32}},"22":{"start":{"line":32,"column":29},"end":{"line":36,"column":5}},"23":{"start":{"line":33,"column":8},"end":{"line":35,"column":9}},"24":{"start":{"line":34,"column":12},"end":{"line":34,"column":34}},"25":{"start":{"line":38,"column":4},"end":{"line":38,"column":77}},"26":{"start":{"line":3,"column":13},"end":{"line":3,"column":29}}},"fnMap":{"0":{"name":"(anonymous_0)","decl":{"start":{"line":3,"column":29},"end":{"line":3,"column":30}},"loc":{"start":{"line":3,"column":92},"end":{"line":40,"column":1}}},"1":{"name":"(anonymous_1)","decl":{"start":{"line":10,"column":14},"end":{"line":10,"column":17}},"loc":{"start":{"line":10,"column":19},"end":{"line":12,"column":5}}},"2":{"name":"(anonymous_2)","decl":{"start":{"line":14,"column":25},"end":{"line":14,"column":30}},"loc":{"start":{"line":14,"column":51},"end":{"line":30,"column":5}}},"3":{"name":"(anonymous_3)","decl":{"start":{"line":32,"column":29},"end":{"line":32,"column":30}},"loc":{"start":{"line":32,"column":49},"end":{"line":36,"column":5}}}},"branchMap":{"0":{"loc":{"start":{"line":33,"column":8},"end":{"line":35,"column":9}},"type":"if","locations":[{"start":{"line":33,"column":8},"end":{"line":35,"column":9}}]},"1":{"loc":{"start":{"line":33,"column":12},"end":{"line":33,"column":49}},"type":"binary-expr","locations":[{"start":{"line":33,"column":12},"end":{"line":33,"column":24}},{"start":{"line":33,"column":28},"end":{"line":33,"column":49}}]}},"s":{"0":1,"1":1,"2":12,"3":12,"4":12,"5":12,"6":12,"7":12,"8":5,"9":12,"10":6,"11":6,"12":6,"13":6,"14":6,"15":6,"16":6,"17":6,"18":6,"19":0,"20":0,"21":6,"22":12,"23":3,"24":1,"25":12,"26":1},"f":{"0":12,"1":5,"2":6,"3":3},"b":{"0":[1],"1":[3,2]}}
,"/Users/v.kondolovskyi/event-tickets/client/src/features/tickets/hooks/useTickets.ts": {"path":"/Users/v.kondolovskyi/event-tickets/client/src/features/tickets/hooks/useTickets.ts","statementMap":{"0":{"start":{"line":1,"column":0},"end":{"line":1,"column":33}},"1":{"start":{"line":2,"column":0},"end":{"line":2,"column":43}},"2":{"start":{"line":4,"column":26},"end":{"line":30,"column":1}},"3":{"start":{"line":5,"column":36},"end":{"line":17,"column":6}},"4":{"start":{"line":6,"column":23},"end":{"line":6,"column":66}},"5":{"start":{"line":7,"column":30},"end":{"line":7,"column":52}},"6":{"start":{"line":9,"column":8},"end":{"line":16,"column":9}},"7":{"start":{"line":10,"column":12},"end":{"line":10,"column":33}},"8":{"start":{"line":12,"column":27},"end":{"line":12,"column":56}},"9":{"start":{"line":13,"column":12},"end":{"line":13,"column":57}},"10":{"start":{"line":14,"column":12},"end":{"line":14,"column":53}},"11":{"start":{"line":15,"column":12},"end":{"line":15,"column":27}},"12":{"start":{"line":18,"column":32},"end":{"line":18,"column":44}},"13":{"start":{"line":19,"column":30},"end":{"line":19,"column":54}},"14":{"start":{"line":21,"column":33},"end":{"line":27,"column":5}},"15":{"start":{"line":22,"column":8},"end":{"line":22,"column":33}},"16":{"start":{"line":24,"column":23},"end":{"line":24,"column":52}},"17":{"start":{"line":25,"column":8},"end":{"line":25,"column":57}},"18":{"start":{"line":26,"column":8},"end":{"line":26,"column":49}},"19":{"start":{"line":29,"column":4},"end":{"line":29,"column":82}},"20":{"start":{"line":4,"column":13},"end":{"line":4,"column":26}}},"fnMap":{"0":{"name":"(anonymous_0)","decl":{"start":{"line":4,"column":26},"end":{"line":4,"column":29}},"loc":{"start":{"line":4,"column":31},"end":{"line":30,"column":1}}},"1":{"name":"(anonymous_1)","decl":{"start":{"line":5,"column":45},"end":{"line":5,"column":48}},"loc":{"start":{"line":5,"column":50},"end":{"line":17,"column":5}}},"2":{"name":"(anonymous_2)","decl":{"start":{"line":21,"column":33},"end":{"line":21,"column":34}},"loc":{"start":{"line":21,"column":57},"end":{"line":27,"column":5}}}},"branchMap":{"0":{"loc":{"start":{"line":9,"column":8},"end":{"line":16,"column":9}},"type":"if","locations":[{"start":{"line":9,"column":8},"end":{"line":16,"column":9}},{"start":{"line":11,"column":15},"end":{"line":16,"column":9}}]},"1":{"loc":{"start":{"line":9,"column":12},"end":{"line":9,"column":68}},"type":"binary-expr","locations":[{"start":{"line":9,"column":12},"end":{"line":9,"column":37}},{"start":{"line":9,"column":41},"end":{"line":9,"column":68}}]}},"s":{"0":1,"1":1,"2":1,"3":8,"4":5,"5":5,"6":5,"7":1,"8":4,"9":4,"10":4,"11":4,"12":8,"13":8,"14":8,"15":1,"16":1,"17":1,"18":1,"19":8,"20":1},"f":{"0":8,"1":5,"2":1},"b":{"0":[1,4],"1":[5,5]}}
,"/Users/v.kondolovskyi/event-tickets/server/src/features/tickets/helpers/ticket.strategy.ts": {"path":"/Users/v.kondolovskyi/event-tickets/server/src/features/tickets/helpers/ticket.strategy.ts","statementMap":{"0":{"start":{"line":12,"column":12},"end":{"line":12,"column":null}},"1":{"start":{"line":18,"column":4},"end":{"line":20,"column":null}},"2":{"start":{"line":19,"column":8},"end":{"line":19,"column":64}},"3":{"start":{"line":15,"column":8},"end":{"line":15,"column":33}},"4":{"start":{"line":23,"column":9},"end":{"line":23,"column":22}}},"fnMap":{"0":{"name":"(anonymous_0)","decl":{"start":{"line":14,"column":4},"end":{"line":14,"column":16}},"loc":{"start":{"line":14,"column":40},"end":{"line":16,"column":5}}},"1":{"name":"(anonymous_1)","decl":{"start":{"line":18,"column":17},"end":{"line":18,"column":18}},"loc":{"start":{"line":18,"column":68},"end":{"line":20,"column":5}}}},"branchMap":{},"s":{"0":3,"1":3,"2":3,"3":3,"4":1},"f":{"0":3,"1":3},"b":{}}
,"/Users/v.kondolovskyi/event-tickets/server/src/features/tickets/services/in-memory-ticket.service.ts": {"path":"/Users/v.kondolovskyi/event-tickets/server/src/features/tickets/services/in-memory-ticket.service.ts","statementMap":{"0":{"start":{"line":5,"column":12},"end":{"line":5,"column":null}},"1":{"start":{"line":8,"column":8},"end":{"line":15,"column":12}},"2":{"start":{"line":8,"column":66},"end":{"line":15,"column":10}},"3":{"start":{"line":19,"column":25},"end":{"line":19,"column":27}},"4":{"start":{"line":20,"column":27},"end":{"line":20,"column":48}},"5":{"start":{"line":21,"column":25},"end":{"line":21,"column":46}},"6":{"start":{"line":23,"column":32},"end":{"line":26,"column":null}},"7":{"start":{"line":24,"column":12},"end":{"line":26,"column":80}},"8":{"start":{"line":29,"column":33},"end":{"line":29,"column":76}},"9":{"start":{"line":31,"column":8},"end":{"line":35,"column":10}},"10":{"start":{"line":4,"column":0},"end":{"line":4,"column":13}}},"fnMap":{"0":{"name":"(anonymous_0)","decl":{"start":{"line":7,"column":4},"end":{"line":7,"column":null}},"loc":{"start":{"line":7,"column":4},"end":{"line":16,"column":5}}},"1":{"name":"(anonymous_1)","decl":{"start":{"line":8,"column":55},"end":{"line":8,"column":56}},"loc":{"start":{"line":8,"column":66},"end":{"line":15,"column":10}}},"2":{"name":"(anonymous_2)","decl":{"start":{"line":18,"column":4},"end":{"line":18,"column":14}},"loc":{"start":{"line":18,"column":61},"end":{"line":36,"column":5}}},"3":{"name":"(anonymous_3)","decl":{"start":{"line":23,"column":52},"end":{"line":23,"column":58}},"loc":{"start":{"line":24,"column":12},"end":{"line":26,"column":80}}}},"branchMap":{"0":{"loc":{"start":{"line":14,"column":22},"end":{"line":14,"column":55}},"type":"cond-expr","locations":[{"start":{"line":14,"column":36},"end":{"line":14,"column":43}},{"start":{"line":14,"column":46},"end":{"line":14,"column":55}}]},"1":{"loc":{"start":{"line":24,"column":12},"end":{"line":26,"column":80}},"type":"binary-expr","locations":[{"start":{"line":24,"column":13},"end":{"line":24,"column":22}},{"start":{"line":24,"column":26},"end":{"line":24,"column":54}},{"start":{"line":25,"column":13},"end":{"line":25,"column":70}},{"start":{"line":26,"column":16},"end":{"line":26,"column":79}}]}},"s":{"0":8,"1":8,"2":800,"3":9,"4":9,"5":9,"6":9,"7":900,"8":9,"9":9,"10":1},"f":{"0":8,"1":800,"2":9,"3":900},"b":{"0":[400,400],"1":[900,200,800,333]}}
}
