TN:
SF:client/src/features/tickets/components/TicketList/useTicketList.ts
FN:3,(anonymous_0)
FN:8,(anonymous_1)
FN:12,(anonymous_2)
FN:20,(anonymous_3)
FNF:4
FNH:4
FNDA:11,(anonymous_0)
FNDA:5,(anonymous_1)
FNDA:6,(anonymous_2)
FNDA:3,(anonymous_3)
DA:1,1
DA:3,1
DA:4,11
DA:5,11
DA:6,11
DA:8,11
DA:9,5
DA:12,11
DA:13,6
DA:14,6
DA:15,6
DA:16,6
DA:17,6
DA:20,11
DA:21,3
DA:22,1
DA:26,11
LF:17
LH:17
BRDA:21,0,0,1
BRDA:21,1,0,3
BRDA:21,1,1,2
BRF:3
BRH:3
end_of_record
TN:
SF:client/src/features/tickets/hooks/useTickets.ts
FN:4,(anonymous_0)
FN:5,(anonymous_1)
FN:21,(anonymous_2)
FNF:3
FNH:3
FNDA:8,(anonymous_0)
FNDA:5,(anonymous_1)
FNDA:1,(anonymous_2)
DA:1,1
DA:2,1
DA:4,1
DA:5,8
DA:6,5
DA:7,5
DA:9,5
DA:10,1
DA:12,4
DA:13,4
DA:14,4
DA:15,4
DA:18,8
DA:19,8
DA:21,8
DA:22,1
DA:24,1
DA:25,1
DA:26,1
DA:29,8
LF:20
LH:20
BRDA:9,0,0,1
BRDA:9,0,1,4
BRDA:9,1,0,5
BRDA:9,1,1,5
BRF:4
BRH:4
end_of_record
TN:
SF:server/src/features/tickets/helpers/ticket.strategy.ts
FN:14,(anonymous_0)
FN:18,(anonymous_1)
FNF:2
FNH:2
FNDA:3,(anonymous_0)
FNDA:3,(anonymous_1)
DA:12,3
DA:15,3
DA:18,3
DA:19,3
DA:23,1
LF:5
LH:5
BRF:0
BRH:0
end_of_record
TN:
SF:server/src/features/tickets/services/on-memory-ticket.service.ts
FN:7,(anonymous_0)
FN:8,(anonymous_1)
FN:18,(anonymous_2)
FN:23,(anonymous_3)
FNF:4
FNH:4
FNDA:8,(anonymous_0)
FNDA:800,(anonymous_1)
FNDA:9,(anonymous_2)
FNDA:900,(anonymous_3)
DA:4,1
DA:5,8
DA:8,800
DA:19,9
DA:20,9
DA:21,9
DA:23,9
DA:24,900
DA:29,9
DA:31,9
LF:10
LH:10
BRDA:14,0,0,400
BRDA:14,0,1,400
BRDA:24,1,0,900
BRDA:24,1,1,200
BRDA:24,1,2,800
BRDA:24,1,3,333
BRF:6
BRH:6
end_of_record
